[2020-08-21 00:44:51.451] [renderer1] [error] name must not be falsy: Error: name must not be falsy
	at Function.validate (/usr/share/code/resources/app/out/vs/workbench/services/extensions/node/extensionHostProcess.js:455:18)
	at new x (/usr/share/code/resources/app/out/vs/workbench/services/extensions/node/extensionHostProcess.js:454:950)
	at new x (/usr/share/code/resources/app/out/vs/workbench/services/extensions/node/extensionHostProcess.js:442:276)
	at asSymbolInformation (/home/agil-dev/.vscode/extensions/octref.vetur-0.26.1/node_modules/vscode-languageclient/lib/protocolConverter.js:449:22)
	at /home/agil-dev/.vscode/extensions/octref.vetur-0.26.1/node_modules/vscode-languageclient/lib/protocolConverter.js:429:42
	at Array.map (<anonymous>)
	at Object.asSymbolInformations (/home/agil-dev/.vscode/extensions/octref.vetur-0.26.1/node_modules/vscode-languageclient/lib/protocolConverter.js:429:23)
	at /home/agil-dev/.vscode/extensions/octref.vetur-0.26.1/node_modules/vscode-languageclient/lib/client.js:1088:70
[2020-08-21 00:53:16.005] [renderer1] [error] name must not be falsy: Error: name must not be falsy
	at Function.validate (/usr/share/code/resources/app/out/vs/workbench/services/extensions/node/extensionHostProcess.js:455:18)
	at new x (/usr/share/code/resources/app/out/vs/workbench/services/extensions/node/extensionHostProcess.js:454:950)
	at new x (/usr/share/code/resources/app/out/vs/workbench/services/extensions/node/extensionHostProcess.js:442:276)
	at asSymbolInformation (/home/agil-dev/.vscode/extensions/octref.vetur-0.26.1/node_modules/vscode-languageclient/lib/protocolConverter.js:449:22)
	at /home/agil-dev/.vscode/extensions/octref.vetur-0.26.1/node_modules/vscode-languageclient/lib/protocolConverter.js:429:42
	at Array.map (<anonymous>)
	at Object.asSymbolInformations (/home/agil-dev/.vscode/extensions/octref.vetur-0.26.1/node_modules/vscode-languageclient/lib/protocolConverter.js:429:23)
	at /home/agil-dev/.vscode/extensions/octref.vetur-0.26.1/node_modules/vscode-languageclient/lib/client.js:1088:70
[2020-08-21 00:53:36.170] [renderer1] [error] name must not be falsy: Error: name must not be falsy
	at Function.validate (/usr/share/code/resources/app/out/vs/workbench/services/extensions/node/extensionHostProcess.js:455:18)
	at new x (/usr/share/code/resources/app/out/vs/workbench/services/extensions/node/extensionHostProcess.js:454:950)
	at new x (/usr/share/code/resources/app/out/vs/workbench/services/extensions/node/extensionHostProcess.js:442:276)
	at asSymbolInformation (/home/agil-dev/.vscode/extensions/octref.vetur-0.26.1/node_modules/vscode-languageclient/lib/protocolConverter.js:449:22)
	at /home/agil-dev/.vscode/extensions/octref.vetur-0.26.1/node_modules/vscode-languageclient/lib/protocolConverter.js:429:42
	at Array.map (<anonymous>)
	at Object.asSymbolInformations (/home/agil-dev/.vscode/extensions/octref.vetur-0.26.1/node_modules/vscode-languageclient/lib/protocolConverter.js:429:23)
	at /home/agil-dev/.vscode/extensions/octref.vetur-0.26.1/node_modules/vscode-languageclient/lib/client.js:1088:70
[2020-08-21 00:53:46.723] [renderer1] [error] name must not be falsy: Error: name must not be falsy
	at Function.validate (/usr/share/code/resources/app/out/vs/workbench/services/extensions/node/extensionHostProcess.js:455:18)
	at new x (/usr/share/code/resources/app/out/vs/workbench/services/extensions/node/extensionHostProcess.js:454:950)
	at new x (/usr/share/code/resources/app/out/vs/workbench/services/extensions/node/extensionHostProcess.js:442:276)
	at asSymbolInformation (/home/agil-dev/.vscode/extensions/octref.vetur-0.26.1/node_modules/vscode-languageclient/lib/protocolConverter.js:449:22)
	at /home/agil-dev/.vscode/extensions/octref.vetur-0.26.1/node_modules/vscode-languageclient/lib/protocolConverter.js:429:42
	at Array.map (<anonymous>)
	at Object.asSymbolInformations (/home/agil-dev/.vscode/extensions/octref.vetur-0.26.1/node_modules/vscode-languageclient/lib/protocolConverter.js:429:23)
	at /home/agil-dev/.vscode/extensions/octref.vetur-0.26.1/node_modules/vscode-languageclient/lib/client.js:1088:70
[2020-08-21 01:01:33.881] [renderer1] [error] name must not be falsy: Error: name must not be falsy
	at Function.validate (/usr/share/code/resources/app/out/vs/workbench/services/extensions/node/extensionHostProcess.js:455:18)
	at new x (/usr/share/code/resources/app/out/vs/workbench/services/extensions/node/extensionHostProcess.js:454:950)
	at new x (/usr/share/code/resources/app/out/vs/workbench/services/extensions/node/extensionHostProcess.js:442:276)
	at asSymbolInformation (/home/agil-dev/.vscode/extensions/octref.vetur-0.26.1/node_modules/vscode-languageclient/lib/protocolConverter.js:449:22)
	at /home/agil-dev/.vscode/extensions/octref.vetur-0.26.1/node_modules/vscode-languageclient/lib/protocolConverter.js:429:42
	at Array.map (<anonymous>)
	at Object.asSymbolInformations (/home/agil-dev/.vscode/extensions/octref.vetur-0.26.1/node_modules/vscode-languageclient/lib/protocolConverter.js:429:23)
	at /home/agil-dev/.vscode/extensions/octref.vetur-0.26.1/node_modules/vscode-languageclient/lib/client.js:1088:70
[2020-08-21 01:05:36.211] [renderer1] [error] name must not be falsy: Error: name must not be falsy
	at Function.validate (/usr/share/code/resources/app/out/vs/workbench/services/extensions/node/extensionHostProcess.js:455:18)
	at new x (/usr/share/code/resources/app/out/vs/workbench/services/extensions/node/extensionHostProcess.js:454:950)
	at new x (/usr/share/code/resources/app/out/vs/workbench/services/extensions/node/extensionHostProcess.js:442:276)
	at asSymbolInformation (/home/agil-dev/.vscode/extensions/octref.vetur-0.26.1/node_modules/vscode-languageclient/lib/protocolConverter.js:449:22)
	at /home/agil-dev/.vscode/extensions/octref.vetur-0.26.1/node_modules/vscode-languageclient/lib/protocolConverter.js:429:42
	at Array.map (<anonymous>)
	at Object.asSymbolInformations (/home/agil-dev/.vscode/extensions/octref.vetur-0.26.1/node_modules/vscode-languageclient/lib/protocolConverter.js:429:23)
	at /home/agil-dev/.vscode/extensions/octref.vetur-0.26.1/node_modules/vscode-languageclient/lib/client.js:1088:70
[2020-08-21 01:29:25.775] [renderer1] [error] name must not be falsy: Error: name must not be falsy
	at Function.validate (/usr/share/code/resources/app/out/vs/workbench/services/extensions/node/extensionHostProcess.js:455:18)
	at new x (/usr/share/code/resources/app/out/vs/workbench/services/extensions/node/extensionHostProcess.js:454:950)
	at new x (/usr/share/code/resources/app/out/vs/workbench/services/extensions/node/extensionHostProcess.js:442:276)
	at asSymbolInformation (/home/agil-dev/.vscode/extensions/octref.vetur-0.26.1/node_modules/vscode-languageclient/lib/protocolConverter.js:449:22)
	at /home/agil-dev/.vscode/extensions/octref.vetur-0.26.1/node_modules/vscode-languageclient/lib/protocolConverter.js:429:42
	at Array.map (<anonymous>)
	at Object.asSymbolInformations (/home/agil-dev/.vscode/extensions/octref.vetur-0.26.1/node_modules/vscode-languageclient/lib/protocolConverter.js:429:23)
	at /home/agil-dev/.vscode/extensions/octref.vetur-0.26.1/node_modules/vscode-languageclient/lib/client.js:1088:70
[2020-08-21 01:29:33.169] [renderer1] [error] name must not be falsy: Error: name must not be falsy
	at Function.validate (/usr/share/code/resources/app/out/vs/workbench/services/extensions/node/extensionHostProcess.js:455:18)
	at new x (/usr/share/code/resources/app/out/vs/workbench/services/extensions/node/extensionHostProcess.js:454:950)
	at new x (/usr/share/code/resources/app/out/vs/workbench/services/extensions/node/extensionHostProcess.js:442:276)
	at asSymbolInformation (/home/agil-dev/.vscode/extensions/octref.vetur-0.26.1/node_modules/vscode-languageclient/lib/protocolConverter.js:449:22)
	at /home/agil-dev/.vscode/extensions/octref.vetur-0.26.1/node_modules/vscode-languageclient/lib/protocolConverter.js:429:42
	at Array.map (<anonymous>)
	at Object.asSymbolInformations (/home/agil-dev/.vscode/extensions/octref.vetur-0.26.1/node_modules/vscode-languageclient/lib/protocolConverter.js:429:23)
	at /home/agil-dev/.vscode/extensions/octref.vetur-0.26.1/node_modules/vscode-languageclient/lib/client.js:1088:70
[2020-08-21 02:00:14.158] [renderer1] [error] name must not be falsy: Error: name must not be falsy
	at Function.validate (/usr/share/code/resources/app/out/vs/workbench/services/extensions/node/extensionHostProcess.js:455:18)
	at new x (/usr/share/code/resources/app/out/vs/workbench/services/extensions/node/extensionHostProcess.js:454:950)
	at new x (/usr/share/code/resources/app/out/vs/workbench/services/extensions/node/extensionHostProcess.js:442:276)
	at asSymbolInformation (/home/agil-dev/.vscode/extensions/octref.vetur-0.26.1/node_modules/vscode-languageclient/lib/protocolConverter.js:449:22)
	at /home/agil-dev/.vscode/extensions/octref.vetur-0.26.1/node_modules/vscode-languageclient/lib/protocolConverter.js:429:42
	at Array.map (<anonymous>)
	at Object.asSymbolInformations (/home/agil-dev/.vscode/extensions/octref.vetur-0.26.1/node_modules/vscode-languageclient/lib/protocolConverter.js:429:23)
	at /home/agil-dev/.vscode/extensions/octref.vetur-0.26.1/node_modules/vscode-languageclient/lib/client.js:1088:70
[2020-08-21 02:26:23.460] [renderer1] [error] name must not be falsy: Error: name must not be falsy
	at Function.validate (/usr/share/code/resources/app/out/vs/workbench/services/extensions/node/extensionHostProcess.js:455:18)
	at new x (/usr/share/code/resources/app/out/vs/workbench/services/extensions/node/extensionHostProcess.js:454:950)
	at new x (/usr/share/code/resources/app/out/vs/workbench/services/extensions/node/extensionHostProcess.js:442:276)
	at asSymbolInformation (/home/agil-dev/.vscode/extensions/octref.vetur-0.26.1/node_modules/vscode-languageclient/lib/protocolConverter.js:449:22)
	at /home/agil-dev/.vscode/extensions/octref.vetur-0.26.1/node_modules/vscode-languageclient/lib/protocolConverter.js:429:42
	at Array.map (<anonymous>)
	at Object.asSymbolInformations (/home/agil-dev/.vscode/extensions/octref.vetur-0.26.1/node_modules/vscode-languageclient/lib/protocolConverter.js:429:23)
	at /home/agil-dev/.vscode/extensions/octref.vetur-0.26.1/node_modules/vscode-languageclient/lib/client.js:1088:70
