[2020-08-21 02:45:00.169] [exthost] [info] extension host started
[2020-08-21 02:45:00.182] [exthost] [info] ExtensionService#_doActivateExtension vscode.microsoft-authentication {"startup":false,"extensionId":{"value":"vscode.microsoft-authentication","_lower":"vscode.microsoft-authentication"},"activationEvent":"onAuthenticationRequest:microsoft"}
[2020-08-21 02:45:00.182] [exthost] [info] ExtensionService#loadCommonJSModule file:///usr/share/code/resources/app/extensions/microsoft-authentication/dist/extension.js
[2020-08-21 02:45:00.258] [exthost] [info] ExtensionService#_doActivateExtension vscode.github-authentication {"startup":false,"extensionId":{"value":"vscode.github-authentication","_lower":"vscode.github-authentication"},"activationEvent":"onAuthenticationRequest:github"}
[2020-08-21 02:45:00.258] [exthost] [info] ExtensionService#loadCommonJSModule file:///usr/share/code/resources/app/extensions/github-authentication/dist/extension.js
[2020-08-21 02:45:00.333] [exthost] [info] ExtensionService#_doActivateExtension octref.vetur {"startup":false,"extensionId":{"value":"octref.vetur","_lower":"octref.vetur"},"activationEvent":"onLanguage:vue"}
[2020-08-21 02:45:00.333] [exthost] [info] ExtensionService#loadCommonJSModule file:///home/agil-dev/.vscode/extensions/octref.vetur-0.26.1/dist/client/vueMain
[2020-08-21 02:45:01.836] [exthost] [info] ExtensionService#_doActivateExtension vscode.debug-auto-launch {"startup":true,"extensionId":{"value":"vscode.debug-auto-launch","_lower":"vscode.debug-auto-launch"},"activationEvent":"*"}
[2020-08-21 02:45:01.836] [exthost] [info] ExtensionService#loadCommonJSModule file:///usr/share/code/resources/app/extensions/debug-auto-launch/dist/extension
[2020-08-21 02:45:01.881] [exthost] [info] ExtensionService#_doActivateExtension vscode.emmet {"startup":true,"extensionId":{"value":"vscode.emmet","_lower":"vscode.emmet"},"activationEvent":"*"}
[2020-08-21 02:45:01.881] [exthost] [info] ExtensionService#loadCommonJSModule file:///usr/share/code/resources/app/extensions/emmet/dist/node/emmetNodeMain
[2020-08-21 02:45:01.931] [exthost] [info] ExtensionService#_doActivateExtension vscode.git {"startup":true,"extensionId":{"value":"vscode.github","_lower":"vscode.github"},"activationEvent":"*"}
[2020-08-21 02:45:01.931] [exthost] [info] ExtensionService#loadCommonJSModule file:///usr/share/code/resources/app/extensions/git/dist/main
[2020-08-21 02:45:02.047] [exthost] [info] ExtensionService#_doActivateExtension vscode.merge-conflict {"startup":true,"extensionId":{"value":"vscode.merge-conflict","_lower":"vscode.merge-conflict"},"activationEvent":"*"}
[2020-08-21 02:45:02.047] [exthost] [info] ExtensionService#loadCommonJSModule file:///usr/share/code/resources/app/extensions/merge-conflict/dist/mergeConflictMain
[2020-08-21 02:45:02.088] [exthost] [info] ExtensionService#_doActivateExtension vscode.search-result {"startup":true,"extensionId":{"value":"vscode.search-result","_lower":"vscode.search-result"},"activationEvent":"*"}
[2020-08-21 02:45:02.088] [exthost] [info] ExtensionService#loadCommonJSModule file:///usr/share/code/resources/app/extensions/search-result/dist/extension.js
[2020-08-21 02:45:02.116] [exthost] [info] ExtensionService#_doActivateExtension vscode.npm {"startup":true,"extensionId":{"value":"vscode.npm","_lower":"vscode.npm"},"activationEvent":"workspaceContains:package.json"}
[2020-08-21 02:45:02.116] [exthost] [info] ExtensionService#loadCommonJSModule file:///usr/share/code/resources/app/extensions/npm/dist/npmMain
[2020-08-21 02:45:02.231] [exthost] [info] ExtensionService#_doActivateExtension vscode.github {"startup":true,"extensionId":{"value":"vscode.github","_lower":"vscode.github"},"activationEvent":"*"}
[2020-08-21 02:45:02.231] [exthost] [info] ExtensionService#loadCommonJSModule file:///usr/share/code/resources/app/extensions/github/dist/extension.js
[2020-08-21 02:45:02.329] [exthost] [info] eager extensions activated
[2020-08-21 02:45:06.399] [exthost] [info] ExtensionService#_doActivateExtension vscode.typescript-language-features {"startup":false,"extensionId":{"value":"vscode.typescript-language-features","_lower":"vscode.typescript-language-features"},"activationEvent":"onLanguage:javascript"}
[2020-08-21 02:45:06.399] [exthost] [info] ExtensionService#loadCommonJSModule file:///usr/share/code/resources/app/extensions/typescript-language-features/dist/extension
[2020-08-21 04:46:02.954] [exthost] [error] [octref.vetur] provider FAILED
[2020-08-21 04:46:02.957] [exthost] [error] Error: name must not be falsy
	at Function.validate (/usr/share/code/resources/app/out/vs/workbench/services/extensions/node/extensionHostProcess.js:455:18)
	at new x (/usr/share/code/resources/app/out/vs/workbench/services/extensions/node/extensionHostProcess.js:454:950)
	at new x (/usr/share/code/resources/app/out/vs/workbench/services/extensions/node/extensionHostProcess.js:442:276)
	at asSymbolInformation (/home/agil-dev/.vscode/extensions/octref.vetur-0.26.1/node_modules/vscode-languageclient/lib/protocolConverter.js:449:22)
	at /home/agil-dev/.vscode/extensions/octref.vetur-0.26.1/node_modules/vscode-languageclient/lib/protocolConverter.js:429:42
	at Array.map (<anonymous>)
	at Object.asSymbolInformations (/home/agil-dev/.vscode/extensions/octref.vetur-0.26.1/node_modules/vscode-languageclient/lib/protocolConverter.js:429:23)
	at /home/agil-dev/.vscode/extensions/octref.vetur-0.26.1/node_modules/vscode-languageclient/lib/client.js:1088:70
[2020-08-21 04:48:59.012] [exthost] [error] [octref.vetur] provider FAILED
[2020-08-21 04:48:59.012] [exthost] [error] Error: name must not be falsy
	at Function.validate (/usr/share/code/resources/app/out/vs/workbench/services/extensions/node/extensionHostProcess.js:455:18)
	at new x (/usr/share/code/resources/app/out/vs/workbench/services/extensions/node/extensionHostProcess.js:454:950)
	at new x (/usr/share/code/resources/app/out/vs/workbench/services/extensions/node/extensionHostProcess.js:442:276)
	at asSymbolInformation (/home/agil-dev/.vscode/extensions/octref.vetur-0.26.1/node_modules/vscode-languageclient/lib/protocolConverter.js:449:22)
	at /home/agil-dev/.vscode/extensions/octref.vetur-0.26.1/node_modules/vscode-languageclient/lib/protocolConverter.js:429:42
	at Array.map (<anonymous>)
	at Object.asSymbolInformations (/home/agil-dev/.vscode/extensions/octref.vetur-0.26.1/node_modules/vscode-languageclient/lib/protocolConverter.js:429:23)
	at /home/agil-dev/.vscode/extensions/octref.vetur-0.26.1/node_modules/vscode-languageclient/lib/client.js:1088:70
[2020-08-21 04:51:36.295] [exthost] [error] [octref.vetur] provider FAILED
[2020-08-21 04:51:36.295] [exthost] [error] Error: name must not be falsy
	at Function.validate (/usr/share/code/resources/app/out/vs/workbench/services/extensions/node/extensionHostProcess.js:455:18)
	at new x (/usr/share/code/resources/app/out/vs/workbench/services/extensions/node/extensionHostProcess.js:454:950)
	at new x (/usr/share/code/resources/app/out/vs/workbench/services/extensions/node/extensionHostProcess.js:442:276)
	at asSymbolInformation (/home/agil-dev/.vscode/extensions/octref.vetur-0.26.1/node_modules/vscode-languageclient/lib/protocolConverter.js:449:22)
	at /home/agil-dev/.vscode/extensions/octref.vetur-0.26.1/node_modules/vscode-languageclient/lib/protocolConverter.js:429:42
	at Array.map (<anonymous>)
	at Object.asSymbolInformations (/home/agil-dev/.vscode/extensions/octref.vetur-0.26.1/node_modules/vscode-languageclient/lib/protocolConverter.js:429:23)
	at /home/agil-dev/.vscode/extensions/octref.vetur-0.26.1/node_modules/vscode-languageclient/lib/client.js:1088:70
[2020-08-21 04:55:39.778] [exthost] [error] [octref.vetur] provider FAILED
[2020-08-21 04:55:39.778] [exthost] [error] Error: name must not be falsy
	at Function.validate (/usr/share/code/resources/app/out/vs/workbench/services/extensions/node/extensionHostProcess.js:455:18)
	at new x (/usr/share/code/resources/app/out/vs/workbench/services/extensions/node/extensionHostProcess.js:454:950)
	at new x (/usr/share/code/resources/app/out/vs/workbench/services/extensions/node/extensionHostProcess.js:442:276)
	at asSymbolInformation (/home/agil-dev/.vscode/extensions/octref.vetur-0.26.1/node_modules/vscode-languageclient/lib/protocolConverter.js:449:22)
	at /home/agil-dev/.vscode/extensions/octref.vetur-0.26.1/node_modules/vscode-languageclient/lib/protocolConverter.js:429:42
	at Array.map (<anonymous>)
	at Object.asSymbolInformations (/home/agil-dev/.vscode/extensions/octref.vetur-0.26.1/node_modules/vscode-languageclient/lib/protocolConverter.js:429:23)
	at /home/agil-dev/.vscode/extensions/octref.vetur-0.26.1/node_modules/vscode-languageclient/lib/client.js:1088:70
[2020-08-21 04:55:43.232] [exthost] [error] [octref.vetur] provider FAILED
[2020-08-21 04:55:43.232] [exthost] [error] Error: name must not be falsy
	at Function.validate (/usr/share/code/resources/app/out/vs/workbench/services/extensions/node/extensionHostProcess.js:455:18)
	at new x (/usr/share/code/resources/app/out/vs/workbench/services/extensions/node/extensionHostProcess.js:454:950)
	at new x (/usr/share/code/resources/app/out/vs/workbench/services/extensions/node/extensionHostProcess.js:442:276)
	at asSymbolInformation (/home/agil-dev/.vscode/extensions/octref.vetur-0.26.1/node_modules/vscode-languageclient/lib/protocolConverter.js:449:22)
	at /home/agil-dev/.vscode/extensions/octref.vetur-0.26.1/node_modules/vscode-languageclient/lib/protocolConverter.js:429:42
	at Array.map (<anonymous>)
	at Object.asSymbolInformations (/home/agil-dev/.vscode/extensions/octref.vetur-0.26.1/node_modules/vscode-languageclient/lib/protocolConverter.js:429:23)
	at /home/agil-dev/.vscode/extensions/octref.vetur-0.26.1/node_modules/vscode-languageclient/lib/client.js:1088:70
[2020-08-21 04:56:13.640] [exthost] [error] [octref.vetur] provider FAILED
[2020-08-21 04:56:13.641] [exthost] [error] Error: name must not be falsy
	at Function.validate (/usr/share/code/resources/app/out/vs/workbench/services/extensions/node/extensionHostProcess.js:455:18)
	at new x (/usr/share/code/resources/app/out/vs/workbench/services/extensions/node/extensionHostProcess.js:454:950)
	at new x (/usr/share/code/resources/app/out/vs/workbench/services/extensions/node/extensionHostProcess.js:442:276)
	at asSymbolInformation (/home/agil-dev/.vscode/extensions/octref.vetur-0.26.1/node_modules/vscode-languageclient/lib/protocolConverter.js:449:22)
	at /home/agil-dev/.vscode/extensions/octref.vetur-0.26.1/node_modules/vscode-languageclient/lib/protocolConverter.js:429:42
	at Array.map (<anonymous>)
	at Object.asSymbolInformations (/home/agil-dev/.vscode/extensions/octref.vetur-0.26.1/node_modules/vscode-languageclient/lib/protocolConverter.js:429:23)
	at /home/agil-dev/.vscode/extensions/octref.vetur-0.26.1/node_modules/vscode-languageclient/lib/client.js:1088:70
[2020-08-21 04:56:26.336] [exthost] [error] [octref.vetur] provider FAILED
[2020-08-21 04:56:26.336] [exthost] [error] Error: name must not be falsy
	at Function.validate (/usr/share/code/resources/app/out/vs/workbench/services/extensions/node/extensionHostProcess.js:455:18)
	at new x (/usr/share/code/resources/app/out/vs/workbench/services/extensions/node/extensionHostProcess.js:454:950)
	at new x (/usr/share/code/resources/app/out/vs/workbench/services/extensions/node/extensionHostProcess.js:442:276)
	at asSymbolInformation (/home/agil-dev/.vscode/extensions/octref.vetur-0.26.1/node_modules/vscode-languageclient/lib/protocolConverter.js:449:22)
	at /home/agil-dev/.vscode/extensions/octref.vetur-0.26.1/node_modules/vscode-languageclient/lib/protocolConverter.js:429:42
	at Array.map (<anonymous>)
	at Object.asSymbolInformations (/home/agil-dev/.vscode/extensions/octref.vetur-0.26.1/node_modules/vscode-languageclient/lib/protocolConverter.js:429:23)
	at /home/agil-dev/.vscode/extensions/octref.vetur-0.26.1/node_modules/vscode-languageclient/lib/client.js:1088:70
[2020-08-21 05:03:22.768] [exthost] [info] ExtensionService#_doActivateExtension vscode.image-preview {"startup":false,"extensionId":{"value":"vscode.image-preview","_lower":"vscode.image-preview"},"activationEvent":"onCustomEditor:imagePreview.previewEditor"}
[2020-08-21 05:03:22.769] [exthost] [info] ExtensionService#loadCommonJSModule file:///usr/share/code/resources/app/extensions/image-preview/dist/extension
[2020-08-21 05:09:13.611] [exthost] [error] [octref.vetur] provider FAILED
[2020-08-21 05:09:13.611] [exthost] [error] Error: name must not be falsy
	at Function.validate (/usr/share/code/resources/app/out/vs/workbench/services/extensions/node/extensionHostProcess.js:455:18)
	at new x (/usr/share/code/resources/app/out/vs/workbench/services/extensions/node/extensionHostProcess.js:454:950)
	at new x (/usr/share/code/resources/app/out/vs/workbench/services/extensions/node/extensionHostProcess.js:442:276)
	at asSymbolInformation (/home/agil-dev/.vscode/extensions/octref.vetur-0.26.1/node_modules/vscode-languageclient/lib/protocolConverter.js:449:22)
	at /home/agil-dev/.vscode/extensions/octref.vetur-0.26.1/node_modules/vscode-languageclient/lib/protocolConverter.js:429:42
	at Array.map (<anonymous>)
	at Object.asSymbolInformations (/home/agil-dev/.vscode/extensions/octref.vetur-0.26.1/node_modules/vscode-languageclient/lib/protocolConverter.js:429:23)
	at /home/agil-dev/.vscode/extensions/octref.vetur-0.26.1/node_modules/vscode-languageclient/lib/client.js:1088:70
[2020-08-21 05:13:09.207] [exthost] [error] [octref.vetur] provider FAILED
[2020-08-21 05:13:09.207] [exthost] [error] Error: name must not be falsy
	at Function.validate (/usr/share/code/resources/app/out/vs/workbench/services/extensions/node/extensionHostProcess.js:455:18)
	at new x (/usr/share/code/resources/app/out/vs/workbench/services/extensions/node/extensionHostProcess.js:454:950)
	at new x (/usr/share/code/resources/app/out/vs/workbench/services/extensions/node/extensionHostProcess.js:442:276)
	at asSymbolInformation (/home/agil-dev/.vscode/extensions/octref.vetur-0.26.1/node_modules/vscode-languageclient/lib/protocolConverter.js:449:22)
	at /home/agil-dev/.vscode/extensions/octref.vetur-0.26.1/node_modules/vscode-languageclient/lib/protocolConverter.js:429:42
	at Array.map (<anonymous>)
	at Object.asSymbolInformations (/home/agil-dev/.vscode/extensions/octref.vetur-0.26.1/node_modules/vscode-languageclient/lib/protocolConverter.js:429:23)
	at /home/agil-dev/.vscode/extensions/octref.vetur-0.26.1/node_modules/vscode-languageclient/lib/client.js:1088:70
[2020-08-21 05:28:35.390] [exthost] [error] [octref.vetur] provider FAILED
[2020-08-21 05:28:35.391] [exthost] [error] Error: name must not be falsy
	at Function.validate (/usr/share/code/resources/app/out/vs/workbench/services/extensions/node/extensionHostProcess.js:455:18)
	at new x (/usr/share/code/resources/app/out/vs/workbench/services/extensions/node/extensionHostProcess.js:454:950)
	at new x (/usr/share/code/resources/app/out/vs/workbench/services/extensions/node/extensionHostProcess.js:442:276)
	at asSymbolInformation (/home/agil-dev/.vscode/extensions/octref.vetur-0.26.1/node_modules/vscode-languageclient/lib/protocolConverter.js:449:22)
	at /home/agil-dev/.vscode/extensions/octref.vetur-0.26.1/node_modules/vscode-languageclient/lib/protocolConverter.js:429:42
	at Array.map (<anonymous>)
	at Object.asSymbolInformations (/home/agil-dev/.vscode/extensions/octref.vetur-0.26.1/node_modules/vscode-languageclient/lib/protocolConverter.js:429:23)
	at /home/agil-dev/.vscode/extensions/octref.vetur-0.26.1/node_modules/vscode-languageclient/lib/client.js:1088:70
[2020-08-21 06:00:22.556] [exthost] [info] ExtensionService#_doActivateExtension vscode.html-language-features {"startup":false,"extensionId":{"value":"vscode.html-language-features","_lower":"vscode.html-language-features"},"activationEvent":"onLanguage:html"}
[2020-08-21 06:00:22.556] [exthost] [info] ExtensionService#loadCommonJSModule file:///usr/share/code/resources/app/extensions/html-language-features/client/dist/node/htmlClientMain
[2020-08-21 06:07:09.210] [exthost] [error] [octref.vetur] provider FAILED
[2020-08-21 06:07:09.210] [exthost] [error] Error: name must not be falsy
	at Function.validate (/usr/share/code/resources/app/out/vs/workbench/services/extensions/node/extensionHostProcess.js:455:18)
	at new x (/usr/share/code/resources/app/out/vs/workbench/services/extensions/node/extensionHostProcess.js:454:950)
	at new x (/usr/share/code/resources/app/out/vs/workbench/services/extensions/node/extensionHostProcess.js:442:276)
	at asSymbolInformation (/home/agil-dev/.vscode/extensions/octref.vetur-0.26.1/node_modules/vscode-languageclient/lib/protocolConverter.js:449:22)
	at /home/agil-dev/.vscode/extensions/octref.vetur-0.26.1/node_modules/vscode-languageclient/lib/protocolConverter.js:429:42
	at Array.map (<anonymous>)
	at Object.asSymbolInformations (/home/agil-dev/.vscode/extensions/octref.vetur-0.26.1/node_modules/vscode-languageclient/lib/protocolConverter.js:429:23)
	at /home/agil-dev/.vscode/extensions/octref.vetur-0.26.1/node_modules/vscode-languageclient/lib/client.js:1088:70
[2020-08-21 06:07:13.522] [exthost] [error] [octref.vetur] provider FAILED
[2020-08-21 06:07:13.522] [exthost] [error] Error: name must not be falsy
	at Function.validate (/usr/share/code/resources/app/out/vs/workbench/services/extensions/node/extensionHostProcess.js:455:18)
	at new x (/usr/share/code/resources/app/out/vs/workbench/services/extensions/node/extensionHostProcess.js:454:950)
	at new x (/usr/share/code/resources/app/out/vs/workbench/services/extensions/node/extensionHostProcess.js:442:276)
	at asSymbolInformation (/home/agil-dev/.vscode/extensions/octref.vetur-0.26.1/node_modules/vscode-languageclient/lib/protocolConverter.js:449:22)
	at /home/agil-dev/.vscode/extensions/octref.vetur-0.26.1/node_modules/vscode-languageclient/lib/protocolConverter.js:429:42
	at Array.map (<anonymous>)
	at Object.asSymbolInformations (/home/agil-dev/.vscode/extensions/octref.vetur-0.26.1/node_modules/vscode-languageclient/lib/protocolConverter.js:429:23)
	at /home/agil-dev/.vscode/extensions/octref.vetur-0.26.1/node_modules/vscode-languageclient/lib/client.js:1088:70
[2020-08-21 06:07:25.335] [exthost] [error] [octref.vetur] provider FAILED
[2020-08-21 06:07:25.336] [exthost] [error] Error: name must not be falsy
	at Function.validate (/usr/share/code/resources/app/out/vs/workbench/services/extensions/node/extensionHostProcess.js:455:18)
	at new x (/usr/share/code/resources/app/out/vs/workbench/services/extensions/node/extensionHostProcess.js:454:950)
	at new x (/usr/share/code/resources/app/out/vs/workbench/services/extensions/node/extensionHostProcess.js:442:276)
	at asSymbolInformation (/home/agil-dev/.vscode/extensions/octref.vetur-0.26.1/node_modules/vscode-languageclient/lib/protocolConverter.js:449:22)
	at /home/agil-dev/.vscode/extensions/octref.vetur-0.26.1/node_modules/vscode-languageclient/lib/protocolConverter.js:429:42
	at Array.map (<anonymous>)
	at Object.asSymbolInformations (/home/agil-dev/.vscode/extensions/octref.vetur-0.26.1/node_modules/vscode-languageclient/lib/protocolConverter.js:429:23)
	at /home/agil-dev/.vscode/extensions/octref.vetur-0.26.1/node_modules/vscode-languageclient/lib/client.js:1088:70
[2020-08-21 06:13:51.075] [exthost] [info] ExtensionService#_doActivateExtension vscode.extension-editing {"startup":false,"extensionId":{"value":"vscode.extension-editing","_lower":"vscode.extension-editing"},"activationEvent":"onLanguage:typescript"}
[2020-08-21 06:13:51.075] [exthost] [info] ExtensionService#loadCommonJSModule file:///usr/share/code/resources/app/extensions/extension-editing/dist/extensionEditingMain
[2020-08-21 06:17:26.441] [exthost] [error] [vscode.typescript-language-features] provider FAILED
[2020-08-21 06:17:26.442] [exthost] [error] Error: <syntax> TypeScript Server Error (3.9.7)
Debug Failure. False expression: Expected line to be non-zero
Error: Debug Failure. False expression: Expected line to be non-zero
    at failIfInvalidLocation (/usr/share/code/resources/app/extensions/node_modules/typescript/lib/tsserver.js:142445:22)
    at ScriptInfo.positionToLineOffset (/usr/share/code/resources/app/extensions/node_modules/typescript/lib/tsserver.js:142418:17)
    at toProtocolTextSpan (/usr/share/code/resources/app/extensions/node_modules/typescript/lib/tsserver.js:149629:35)
    at /usr/share/code/resources/app/extensions/node_modules/typescript/lib/tsserver.js:149159:68
    at Array.map (<anonymous>)
    at IOSession.Session.toLocationNavigationTree (/usr/share/code/resources/app/extensions/node_modules/typescript/lib/tsserver.js:149159:39)
    at IOSession.Session.getNavigationTree (/usr/share/code/resources/app/extensions/node_modules/typescript/lib/tsserver.js:149170:32)
    at Session.handlers.ts.createMapFromTemplate._a.<computed> (/usr/share/code/resources/app/extensions/node_modules/typescript/lib/tsserver.js:148013:61)
    at /usr/share/code/resources/app/extensions/node_modules/typescript/lib/tsserver.js:149555:88
    at IOSession.Session.executeWithRequestId (/usr/share/code/resources/app/extensions/node_modules/typescript/lib/tsserver.js:149546:28)
    at IOSession.Session.executeCommand (/usr/share/code/resources/app/extensions/node_modules/typescript/lib/tsserver.js:149555:33)
    at IOSession.Session.onMessage (/usr/share/code/resources/app/extensions/node_modules/typescript/lib/tsserver.js:149579:35)
    at Interface.<anonymous> (/usr/share/code/resources/app/extensions/node_modules/typescript/lib/tsserver.js:150895:27)
    at Interface.emit (events.js:203:13)
    at Interface._onLine (readline.js:316:10)
    at Interface._normalWrite (readline.js:461:12)
    at Socket.ondata (readline.js:172:10)
    at Socket.emit (events.js:203:13)
    at addChunk (_stream_readable.js:295:12)
    at readableAddChunk (_stream_readable.js:276:11)
    at Socket.Readable.push (_stream_readable.js:210:10)
    at Pipe.onStreamRead (internal/stream_base_commons.js:166:17)
	at Function.create (/usr/share/code/resources/app/extensions/typescript-language-features/dist/extension.js:1:75328)
	at h.dispatchResponse (/usr/share/code/resources/app/extensions/typescript-language-features/dist/extension.js:1:69203)
	at h.dispatchMessage (/usr/share/code/resources/app/extensions/typescript-language-features/dist/extension.js:1:68123)
	at /usr/share/code/resources/app/extensions/typescript-language-features/dist/extension.js:1:67652
	at l.fire (/usr/share/code/resources/app/out/vs/workbench/services/extensions/node/extensionHostProcess.js:46:222)
	at g.onLengthData (/usr/share/code/resources/app/extensions/typescript-language-features/dist/extension.js:45:60018)
	at Socket.<anonymous> (/usr/share/code/resources/app/extensions/typescript-language-features/dist/extension.js:45:59666)
	at Socket.emit (events.js:203:13)
	at addChunk (_stream_readable.js:295:12)
	at readableAddChunk (_stream_readable.js:276:11)
	at Socket.Readable.push (_stream_readable.js:210:10)
	at Pipe.onStreamRead (internal/stream_base_commons.js:166:17)
[2020-08-21 06:17:27.545] [exthost] [error] [vscode.typescript-language-features] provider FAILED
[2020-08-21 06:17:27.545] [exthost] [error] Error: <syntax> TypeScript Server Error (3.9.7)
Debug Failure. False expression: Expected line to be non-zero
Error: Debug Failure. False expression: Expected line to be non-zero
    at failIfInvalidLocation (/usr/share/code/resources/app/extensions/node_modules/typescript/lib/tsserver.js:142445:22)
    at ScriptInfo.positionToLineOffset (/usr/share/code/resources/app/extensions/node_modules/typescript/lib/tsserver.js:142418:17)
    at toProtocolTextSpan (/usr/share/code/resources/app/extensions/node_modules/typescript/lib/tsserver.js:149629:35)
    at /usr/share/code/resources/app/extensions/node_modules/typescript/lib/tsserver.js:149159:68
    at Array.map (<anonymous>)
    at IOSession.Session.toLocationNavigationTree (/usr/share/code/resources/app/extensions/node_modules/typescript/lib/tsserver.js:149159:39)
    at IOSession.Session.getNavigationTree (/usr/share/code/resources/app/extensions/node_modules/typescript/lib/tsserver.js:149170:32)
    at Session.handlers.ts.createMapFromTemplate._a.<computed> (/usr/share/code/resources/app/extensions/node_modules/typescript/lib/tsserver.js:148013:61)
    at /usr/share/code/resources/app/extensions/node_modules/typescript/lib/tsserver.js:149555:88
    at IOSession.Session.executeWithRequestId (/usr/share/code/resources/app/extensions/node_modules/typescript/lib/tsserver.js:149546:28)
    at IOSession.Session.executeCommand (/usr/share/code/resources/app/extensions/node_modules/typescript/lib/tsserver.js:149555:33)
    at IOSession.Session.onMessage (/usr/share/code/resources/app/extensions/node_modules/typescript/lib/tsserver.js:149579:35)
    at Interface.<anonymous> (/usr/share/code/resources/app/extensions/node_modules/typescript/lib/tsserver.js:150895:27)
    at Interface.emit (events.js:203:13)
    at Interface._onLine (readline.js:316:10)
    at Interface._normalWrite (readline.js:461:12)
    at Socket.ondata (readline.js:172:10)
    at Socket.emit (events.js:203:13)
    at addChunk (_stream_readable.js:295:12)
    at readableAddChunk (_stream_readable.js:276:11)
    at Socket.Readable.push (_stream_readable.js:210:10)
    at Pipe.onStreamRead (internal/stream_base_commons.js:166:17)
	at Function.create (/usr/share/code/resources/app/extensions/typescript-language-features/dist/extension.js:1:75328)
	at h.dispatchResponse (/usr/share/code/resources/app/extensions/typescript-language-features/dist/extension.js:1:69203)
	at h.dispatchMessage (/usr/share/code/resources/app/extensions/typescript-language-features/dist/extension.js:1:68123)
	at /usr/share/code/resources/app/extensions/typescript-language-features/dist/extension.js:1:67652
	at l.fire (/usr/share/code/resources/app/out/vs/workbench/services/extensions/node/extensionHostProcess.js:46:222)
	at g.onLengthData (/usr/share/code/resources/app/extensions/typescript-language-features/dist/extension.js:45:60018)
	at Socket.<anonymous> (/usr/share/code/resources/app/extensions/typescript-language-features/dist/extension.js:45:59666)
	at Socket.emit (events.js:203:13)
	at addChunk (_stream_readable.js:295:12)
	at readableAddChunk (_stream_readable.js:276:11)
	at Socket.Readable.push (_stream_readable.js:210:10)
	at Pipe.onStreamRead (internal/stream_base_commons.js:166:17)
[2020-08-21 10:06:45.226] [exthost] [info] ExtensionService#_doActivateExtension vscode.configuration-editing {"startup":false,"extensionId":{"value":"vscode.configuration-editing","_lower":"vscode.configuration-editing"},"activationEvent":"onLanguage:json"}
[2020-08-21 10:06:45.227] [exthost] [info] ExtensionService#loadCommonJSModule file:///usr/share/code/resources/app/extensions/configuration-editing/dist/configurationEditingMain
[2020-08-21 10:06:45.339] [exthost] [info] ExtensionService#_doActivateExtension vscode.json-language-features {"startup":false,"extensionId":{"value":"vscode.json-language-features","_lower":"vscode.json-language-features"},"activationEvent":"onLanguage:json"}
[2020-08-21 10:06:45.339] [exthost] [info] ExtensionService#loadCommonJSModule file:///usr/share/code/resources/app/extensions/json-language-features/client/dist/node/jsonClientMain
[2020-08-21 10:06:45.516] [exthost] [info] ExtensionService#_doActivateExtension ms-vscode.js-debug {"startup":false,"extensionId":{"value":"ms-vscode.js-debug","_lower":"ms-vscode.js-debug"},"activationEvent":"onLanguage:json"}
[2020-08-21 10:06:45.516] [exthost] [info] ExtensionService#loadCommonJSModule file:///usr/share/code/resources/app/extensions/ms-vscode.js-debug/src/extension.js
[2020-08-21 10:16:24.705] [exthost] [error] [vscode.typescript-language-features] provider FAILED
[2020-08-21 10:16:24.765] [exthost] [error] Error: <syntax> TypeScript Server Error (3.9.7)
Debug Failure. False expression: Expected line to be non-zero
Error: Debug Failure. False expression: Expected line to be non-zero
    at failIfInvalidLocation (/usr/share/code/resources/app/extensions/node_modules/typescript/lib/tsserver.js:142445:22)
    at ScriptInfo.positionToLineOffset (/usr/share/code/resources/app/extensions/node_modules/typescript/lib/tsserver.js:142418:17)
    at toProtocolTextSpan (/usr/share/code/resources/app/extensions/node_modules/typescript/lib/tsserver.js:149629:35)
    at /usr/share/code/resources/app/extensions/node_modules/typescript/lib/tsserver.js:149159:68
    at Array.map (<anonymous>)
    at IOSession.Session.toLocationNavigationTree (/usr/share/code/resources/app/extensions/node_modules/typescript/lib/tsserver.js:149159:39)
    at IOSession.Session.getNavigationTree (/usr/share/code/resources/app/extensions/node_modules/typescript/lib/tsserver.js:149170:32)
    at Session.handlers.ts.createMapFromTemplate._a.<computed> (/usr/share/code/resources/app/extensions/node_modules/typescript/lib/tsserver.js:148013:61)
    at /usr/share/code/resources/app/extensions/node_modules/typescript/lib/tsserver.js:149555:88
    at IOSession.Session.executeWithRequestId (/usr/share/code/resources/app/extensions/node_modules/typescript/lib/tsserver.js:149546:28)
    at IOSession.Session.executeCommand (/usr/share/code/resources/app/extensions/node_modules/typescript/lib/tsserver.js:149555:33)
    at IOSession.Session.onMessage (/usr/share/code/resources/app/extensions/node_modules/typescript/lib/tsserver.js:149579:35)
    at Interface.<anonymous> (/usr/share/code/resources/app/extensions/node_modules/typescript/lib/tsserver.js:150895:27)
    at Interface.emit (events.js:203:13)
    at Interface._onLine (readline.js:316:10)
    at Interface._normalWrite (readline.js:461:12)
    at Socket.ondata (readline.js:172:10)
    at Socket.emit (events.js:203:13)
    at addChunk (_stream_readable.js:295:12)
    at readableAddChunk (_stream_readable.js:276:11)
    at Socket.Readable.push (_stream_readable.js:210:10)
    at Pipe.onStreamRead (internal/stream_base_commons.js:166:17)
	at Function.create (/usr/share/code/resources/app/extensions/typescript-language-features/dist/extension.js:1:75328)
	at h.dispatchResponse (/usr/share/code/resources/app/extensions/typescript-language-features/dist/extension.js:1:69203)
	at h.dispatchMessage (/usr/share/code/resources/app/extensions/typescript-language-features/dist/extension.js:1:68123)
	at /usr/share/code/resources/app/extensions/typescript-language-features/dist/extension.js:1:67652
	at l.fire (/usr/share/code/resources/app/out/vs/workbench/services/extensions/node/extensionHostProcess.js:46:222)
	at g.onLengthData (/usr/share/code/resources/app/extensions/typescript-language-features/dist/extension.js:45:60018)
	at Socket.<anonymous> (/usr/share/code/resources/app/extensions/typescript-language-features/dist/extension.js:45:59666)
	at Socket.emit (events.js:203:13)
	at addChunk (_stream_readable.js:295:12)
	at readableAddChunk (_stream_readable.js:276:11)
	at Socket.Readable.push (_stream_readable.js:210:10)
	at Pipe.onStreamRead (internal/stream_base_commons.js:166:17)
[2020-08-22 05:01:09.620] [exthost] [error] [octref.vetur] provider FAILED
[2020-08-22 05:01:09.620] [exthost] [error] Error: name must not be falsy
	at Function.validate (/usr/share/code/resources/app/out/vs/workbench/services/extensions/node/extensionHostProcess.js:455:18)
	at new x (/usr/share/code/resources/app/out/vs/workbench/services/extensions/node/extensionHostProcess.js:454:950)
	at new x (/usr/share/code/resources/app/out/vs/workbench/services/extensions/node/extensionHostProcess.js:442:276)
	at asSymbolInformation (/home/agil-dev/.vscode/extensions/octref.vetur-0.26.1/node_modules/vscode-languageclient/lib/protocolConverter.js:449:22)
	at /home/agil-dev/.vscode/extensions/octref.vetur-0.26.1/node_modules/vscode-languageclient/lib/protocolConverter.js:429:42
	at Array.map (<anonymous>)
	at Object.asSymbolInformations (/home/agil-dev/.vscode/extensions/octref.vetur-0.26.1/node_modules/vscode-languageclient/lib/protocolConverter.js:429:23)
	at /home/agil-dev/.vscode/extensions/octref.vetur-0.26.1/node_modules/vscode-languageclient/lib/client.js:1088:70
[2020-08-22 05:31:50.980] [exthost] [error] [octref.vetur] provider FAILED
[2020-08-22 05:31:50.980] [exthost] [error] Error: name must not be falsy
	at Function.validate (/usr/share/code/resources/app/out/vs/workbench/services/extensions/node/extensionHostProcess.js:455:18)
	at new x (/usr/share/code/resources/app/out/vs/workbench/services/extensions/node/extensionHostProcess.js:454:950)
	at new x (/usr/share/code/resources/app/out/vs/workbench/services/extensions/node/extensionHostProcess.js:442:276)
	at asSymbolInformation (/home/agil-dev/.vscode/extensions/octref.vetur-0.26.1/node_modules/vscode-languageclient/lib/protocolConverter.js:449:22)
	at /home/agil-dev/.vscode/extensions/octref.vetur-0.26.1/node_modules/vscode-languageclient/lib/protocolConverter.js:429:42
	at Array.map (<anonymous>)
	at Object.asSymbolInformations (/home/agil-dev/.vscode/extensions/octref.vetur-0.26.1/node_modules/vscode-languageclient/lib/protocolConverter.js:429:23)
	at /home/agil-dev/.vscode/extensions/octref.vetur-0.26.1/node_modules/vscode-languageclient/lib/client.js:1088:70
[2020-08-22 05:52:20.950] [exthost] [error] [octref.vetur] provider FAILED
[2020-08-22 05:52:20.950] [exthost] [error] Error: name must not be falsy
	at Function.validate (/usr/share/code/resources/app/out/vs/workbench/services/extensions/node/extensionHostProcess.js:455:18)
	at new x (/usr/share/code/resources/app/out/vs/workbench/services/extensions/node/extensionHostProcess.js:454:950)
	at new x (/usr/share/code/resources/app/out/vs/workbench/services/extensions/node/extensionHostProcess.js:442:276)
	at asSymbolInformation (/home/agil-dev/.vscode/extensions/octref.vetur-0.26.1/node_modules/vscode-languageclient/lib/protocolConverter.js:449:22)
	at /home/agil-dev/.vscode/extensions/octref.vetur-0.26.1/node_modules/vscode-languageclient/lib/protocolConverter.js:429:42
	at Array.map (<anonymous>)
	at Object.asSymbolInformations (/home/agil-dev/.vscode/extensions/octref.vetur-0.26.1/node_modules/vscode-languageclient/lib/protocolConverter.js:429:23)
	at /home/agil-dev/.vscode/extensions/octref.vetur-0.26.1/node_modules/vscode-languageclient/lib/client.js:1088:70
[2020-08-22 05:55:31.567] [exthost] [error] [octref.vetur] provider FAILED
[2020-08-22 05:55:31.567] [exthost] [error] Error: name must not be falsy
	at Function.validate (/usr/share/code/resources/app/out/vs/workbench/services/extensions/node/extensionHostProcess.js:455:18)
	at new x (/usr/share/code/resources/app/out/vs/workbench/services/extensions/node/extensionHostProcess.js:454:950)
	at new x (/usr/share/code/resources/app/out/vs/workbench/services/extensions/node/extensionHostProcess.js:442:276)
	at asSymbolInformation (/home/agil-dev/.vscode/extensions/octref.vetur-0.26.1/node_modules/vscode-languageclient/lib/protocolConverter.js:449:22)
	at /home/agil-dev/.vscode/extensions/octref.vetur-0.26.1/node_modules/vscode-languageclient/lib/protocolConverter.js:429:42
	at Array.map (<anonymous>)
	at Object.asSymbolInformations (/home/agil-dev/.vscode/extensions/octref.vetur-0.26.1/node_modules/vscode-languageclient/lib/protocolConverter.js:429:23)
	at /home/agil-dev/.vscode/extensions/octref.vetur-0.26.1/node_modules/vscode-languageclient/lib/client.js:1088:70
[2020-08-22 06:09:39.015] [exthost] [info] ExtensionService#_doActivateExtension KnisterPeter.vscode-github {"startup":false,"extensionId":{"value":"KnisterPeter.vscode-github","_lower":"knisterpeter.vscode-github"},"activationEvent":"*"}
[2020-08-22 06:09:39.034] [exthost] [info] ExtensionService#loadCommonJSModule file:///home/agil-dev/.vscode/extensions/knisterpeter.vscode-github-0.30.3/out/src/main
[2020-08-23 00:33:58.165] [exthost] [info] ExtensionService#_doActivateExtension GitHub.vscode-pull-request-github {"startup":false,"extensionId":{"value":"GitHub.vscode-pull-request-github","_lower":"github.vscode-pull-request-github"},"activationEvent":"onStartupFinished"}
[2020-08-23 00:33:58.165] [exthost] [info] ExtensionService#loadCommonJSModule file:///home/agil-dev/.vscode/extensions/github.vscode-pull-request-github-0.19.0/media/extension
